<?xml version="1.0" encoding="UTF-8"?>
<!-- Generated by org.testng.reporters.JUnitReportReporter -->
<testsuite hostname="Aenugula" failures="0" tests="1" name="cyclos_BaseTCases.TC_01_Registeration" time="13.288" errors="0" timestamp="2025-03-20T15:41:28 IST" skipped="0">
  <testcase classname="cyclos_BaseTCases.TC_01_Registeration" name="Registeration_Cyclos" time="13.288"/>
</testsuite> <!-- cyclos_BaseTCases.TC_01_Registeration -->
